[Silas] Skipping sunergysolutions@sunergysolutionsllc.com — domain sunergysolutionsllc.com already contacted today
[Silas] Skipping info@austinimplants.com — domain austinimplants.com already contacted today
[Silas] Skipping sunshinerenewable@sunshinerenewable.com — domain sunshinerenewable.com already contacted today
[Silas] Skipping info@drdavidcedeno.com — domain drdavidcedeno.com already contacted today
[Silas] Skipping california@attorneys.superlawyers.com — domain attorneys.superlawyers.com already contacted today
[Silas] Skipping user@domain.com — domain domain.com already contacted today
[Silas] Skipping orlandonorth@garageforce.com — domain garageforce.com already contacted today
[Silas] Skipping topcoatepoxyfl@gmail.com — domain gmail.com already contacted today
[Silas] Skipping sandiegocounty@garageforce.com — domain garageforce.com already contacted today
[Silas] Skipping graney@garageforce.com — domain garageforce.com already contacted today
[Silas] Skipping austinwest@garageforce.com — domain garageforce.com already contacted today
[Silas] Skipping pelicanconcretecoating@gmail.com — domain gmail.com already contacted today
[Silas] Skipping user@domain.com — domain domain.com already contacted today
[Silas] Skipping ri2ch.digital@gmail.com — domain gmail.com already contacted today
[Silas] Skipping sunergysolutions@sunergysolutionsllc.com — domain sunergysolutionsllc.com already contacted today
[Silas] Skipping info@austinimplants.com — domain austinimplants.com already contacted today
[Silas] Skipping sunshinerenewable@sunshinerenewable.com — domain sunshinerenewable.com already contacted today
[Silas] Skipping info@drdavidcedeno.com — domain drdavidcedeno.com already contacted today
[Silas] Skipping california@attorneys.superlawyers.com — domain attorneys.superlawyers.com already contacted today
[Silas] Skipping user@domain.com — domain domain.com already contacted today
[Silas] Skipping orlandonorth@garageforce.com — domain garageforce.com already contacted today
[Silas] Skipping topcoatepoxyfl@gmail.com — domain gmail.com already contacted today
[Silas] Skipping sandiegocounty@garageforce.com — domain garageforce.com already contacted today
[Silas] Skipping graney@garageforce.com — domain garageforce.com already contacted today
[Silas] Skipping austinwest@garageforce.com — domain garageforce.com already contacted today
[Silas] Skipping pelicanconcretecoating@gmail.com — domain gmail.com already contacted today
[Silas] Skipping user@domain.com — domain domain.com already contacted today
[Silas] Skipping ri2ch.digital@gmail.com — domain gmail.com already contacted today
[Silas] Skipping sunergysolutions@sunergysolutionsllc.com — domain sunergysolutionsllc.com already contacted today
[Silas] Skipping info@austinimplants.com — domain austinimplants.com already contacted today
[Silas] Skipping sunshinerenewable@sunshinerenewable.com — domain sunshinerenewable.com already contacted today
[Silas] Skipping info@drdavidcedeno.com — domain drdavidcedeno.com already contacted today
[Silas] Skipping california@attorneys.superlawyers.com — domain attorneys.superlawyers.com already contacted today
[Silas] Skipping user@domain.com — domain domain.com already contacted today
[Silas] Skipping orlandonorth@garageforce.com — domain garageforce.com already contacted today
[Silas] Skipping topcoatepoxyfl@gmail.com — domain gmail.com already contacted today
[Silas] Skipping sandiegocounty@garageforce.com — domain garageforce.com already contacted today
[Silas] Skipping graney@garageforce.com — domain garageforce.com already contacted today
[Silas] Skipping austinwest@garageforce.com — domain garageforce.com already contacted today
[Silas] Skipping pelicanconcretecoating@gmail.com — domain gmail.com already contacted today
[Silas] Skipping user@domain.com — domain domain.com already contacted today
[Silas] Skipping ri2ch.digital@gmail.com — domain gmail.com already contacted today
[Silas] Skipping info@austinimplants.com — domain austinimplants.com already contacted today
[Silas] Skipping info@drdavidcedeno.com — domain drdavidcedeno.com already contacted today
[Silas] Skipping sunergysolutions@sunergysolutionsllc.com — domain sunergysolutionsllc.com already contacted today
[Silas] Skipping sunshinerenewable@sunshinerenewable.com — domain sunshinerenewable.com already contacted today
[Silas] Skipping smrecek@smrecekdentistry.com — domain smrecekdentistry.com already contacted today
[Silas] Skipping user@domain.com — domain domain.com already contacted today
[Silas] Skipping topcoatepoxyfl@gmail.com — domain gmail.com already contacted today
[Silas] Skipping orlandonorth@garageforce.com — domain garageforce.com already contacted today
[Silas] Skipping sandiegocounty@garageforce.com — domain garageforce.com already contacted today
[Silas] Skipping graney@garageforce.com — domain garageforce.com already contacted today
[Silas] Skipping austinwest@garageforce.com — domain garageforce.com already contacted today
[Silas] Skipping pelicanconcretecoating@gmail.com — domain gmail.com already contacted today
[Silas] Skipping user@domain.com — domain domain.com already contacted today
[Silas] Skipping ri2ch.digital@gmail.com — domain gmail.com already contacted today
[Silas] Skipping info@austinimplants.com — domain austinimplants.com already contacted today
[Silas] Skipping info@drdavidcedeno.com — domain drdavidcedeno.com already contacted today
[Silas] Skipping sunergysolutions@sunergysolutionsllc.com — domain sunergysolutionsllc.com already contacted today
[Silas] Skipping sunshinerenewable@sunshinerenewable.com — domain sunshinerenewable.com already contacted today
[Silas] Skipping smrecek@smrecekdentistry.com — domain smrecekdentistry.com already contacted today
[Silas] Skipping user@domain.com — domain domain.com already contacted today
[Silas] Skipping topcoatepoxyfl@gmail.com — domain gmail.com already contacted today
[Silas] Skipping orlandonorth@garageforce.com — domain garageforce.com already contacted today
[Silas] Skipping sandiegocounty@garageforce.com — domain garageforce.com already contacted today
[Silas] Skipping graney@garageforce.com — domain garageforce.com already contacted today
[Silas] Skipping austinwest@garageforce.com — domain garageforce.com already contacted today
[Silas] Skipping pelicanconcretecoating@gmail.com — domain gmail.com already contacted today
[Silas] Skipping user@domain.com — domain domain.com already contacted today
[Silas] Skipping ri2ch.digital@gmail.com — domain gmail.com already contacted today
[Silas] Skipping info@austinimplants.com — domain austinimplants.com already contacted today
[Silas] Skipping info@drdavidcedeno.com — domain drdavidcedeno.com already contacted today
[Silas] Skipping sunergysolutions@sunergysolutionsllc.com — domain sunergysolutionsllc.com already contacted today
[Silas] Skipping sunshinerenewable@sunshinerenewable.com — domain sunshinerenewable.com already contacted today
[Silas] Skipping smrecek@smrecekdentistry.com — domain smrecekdentistry.com already contacted today
[Silas] Skipping user@domain.com — domain domain.com already contacted today
[Silas] Skipping topcoatepoxyfl@gmail.com — domain gmail.com already contacted today
[Silas] Skipping orlandonorth@garageforce.com — domain garageforce.com already contacted today
[Silas] Skipping sandiegocounty@garageforce.com — domain garageforce.com already contacted today
[Silas] Skipping graney@garageforce.com — domain garageforce.com already contacted today
[Silas] Skipping austinwest@garageforce.com — domain garageforce.com already contacted today
[Silas] Skipping pelicanconcretecoating@gmail.com — domain gmail.com already contacted today
[Silas] Skipping user@domain.com — domain domain.com already contacted today
[Silas] Skipping ri2ch.digital@gmail.com — domain gmail.com already contacted today
[Silas] Skipping info@austinimplants.com — domain austinimplants.com already contacted today
[Silas] Skipping info@drdavidcedeno.com — domain drdavidcedeno.com already contacted today
[Silas] Skipping sunergysolutions@sunergysolutionsllc.com — domain sunergysolutionsllc.com already contacted today
[Silas] Skipping sunshinerenewable@sunshinerenewable.com — domain sunshinerenewable.com already contacted today
[Silas] Skipping smrecek@smrecekdentistry.com — domain smrecekdentistry.com already contacted today
[Silas] Skipping user@domain.com — domain domain.com already contacted today
[Silas] Skipping topcoatepoxyfl@gmail.com — domain gmail.com already contacted today
[Silas] Skipping orlandonorth@garageforce.com — domain garageforce.com already contacted today
[Silas] Skipping sandiegocounty@garageforce.com — domain garageforce.com already contacted today
[Silas] Skipping graney@garageforce.com — domain garageforce.com already contacted today
[Silas] Skipping austinwest@garageforce.com — domain garageforce.com already contacted today
[Silas] Skipping pelicanconcretecoating@gmail.com — domain gmail.com already contacted today
[Silas] Skipping user@domain.com — domain domain.com already contacted today
[Silas] Skipping ri2ch.digital@gmail.com — domain gmail.com already contacted today
ntacted today
[Silas] Skipping info@austinimplants.com — domain austinimplants.com already contacted today
[Silas] Skipping info@drdavidcedeno.com — domain drdavidcedeno.com already contacted today
[Silas] Skipping sunergysolutions@sunergysolutionsllc.com — domain sunergysolutionsllc.com already contacted today
[Silas] Skipping sunshinerenewable@sunshinerenewable.com — domain sunshinerenewable.com already contacted today
[Silas] Skipping smrecek@smrecekdentistry.com — domain smrecekdentistry.com already contacted today
